<?xml version="1.0" encoding="UTF-8"?>
<!-- Generated by org.testng.reporters.JUnitReportReporter -->
<testsuite skipped="1" hostname="My" name="automation.testcasses.AddCustomerTest" tests="1" failures="0" timestamp="28 Feb 2019 13:53:36 GMT" time="0.000" errors="0">
  <testcase name="AddCustomer" time="0.000" classname="automation.testcasses.AddCustomerTest">
    <skipped/>
  </testcase> <!-- AddCustomer -->
</testsuite> <!-- automation.testcasses.AddCustomerTest -->
