<?xml version="1.0" encoding="UTF-8"?>
<!-- Generated by org.testng.reporters.JUnitReportReporter -->
<testsuite skipped="0" hostname="My" name="automation.testcasses.LoginTest" tests="1" failures="0" timestamp="26 Mar 2019 10:45:39 GMT" time="3.428" errors="0">
  <testcase name="loginTestManager" time="3.428" classname="automation.testcasses.LoginTest"/>
</testsuite> <!-- automation.testcasses.LoginTest -->
